<?xml version="1.0" encoding="UTF-8"?>
<!-- Generated by org.testng.reporters.JUnitReportReporter -->
<testsuite skipped="0" hostname="LAPTOP-RUTB88SV" name="com.demowebshop.test.LoginPageTest" tests="2" failures="0" timestamp="2022-04-23T11:02:30 IST" time="22.492" errors="0">
  <testcase name="verifyPageLogin" time="10.131" classname="com.demowebshop.test.LoginPageTest"/>
  <system-out/>
  <testcase name="verifyLoginPageTitle" time="12.361" classname="com.demowebshop.test.LoginPageTest"/>
  <system-out/>
</testsuite> <!-- com.demowebshop.test.LoginPageTest -->
