<?xml version="1.0" encoding="UTF-8"?>
<!-- Generated by org.testng.reporters.JUnitReportReporter -->
<testsuite skipped="0" hostname="LAPTOP-RUTB88SV" name="com.demowebshop.test.HomePageTest" tests="1" failures="0" timestamp="2022-04-24T21:21:30 IST" time="22.925" errors="0">
  <testcase name="verifyHomePageTitle" time="22.925" classname="com.demowebshop.test.HomePageTest"/>
  <system-out/>
</testsuite> <!-- com.demowebshop.test.HomePageTest -->
