<?xml version="1.0" encoding="UTF-8"?>
<!-- Generated by org.testng.reporters.JUnitReportReporter -->
<testsuite skipped="0" hostname="LAPTOP-RUTB88SV" name="com.demowebshop.test.LoginPageTest" tests="2" failures="0" timestamp="2022-04-24T21:21:30 IST" time="33.673" errors="0">
  <testcase name="verifyPageLogin" time="19.207" classname="com.demowebshop.test.LoginPageTest"/>
  <system-out/>
  <testcase name="verifyLoginPageTitle" time="14.466" classname="com.demowebshop.test.LoginPageTest"/>
  <system-out/>
</testsuite> <!-- com.demowebshop.test.LoginPageTest -->
