<?xml version="1.0" encoding="UTF-8"?>
<!-- Generated by org.testng.reporters.JUnitReportReporter -->
<testsuite skipped="0" hostname="LAPTOP-RUTB88SV" name="com.demowebshop.test.RegisterPageTest" tests="1" failures="0" timestamp="2022-04-23T11:02:30 IST" time="9.991" errors="0">
  <testcase name="verifyRegistration" time="9.991" classname="com.demowebshop.test.RegisterPageTest"/>
  <system-out/>
</testsuite> <!-- com.demowebshop.test.RegisterPageTest -->
