<?xml version="1.0" encoding="UTF-8"?>
<!-- Generated by org.testng.reporters.JUnitReportReporter -->
<testsuite skipped="0" hostname="LAPTOP-RUTB88SV" name="com.demowebshop.test.LoginPageTest" tests="2" failures="0" timestamp="2022-04-23T09:22:44 IST" time="15.891" errors="0">
  <testcase name="verifyPageLogin" time="8.351" classname="com.demowebshop.test.LoginPageTest"/>
  <system-out/>
  <testcase name="verifyLoginPageTitle" time="7.540" classname="com.demowebshop.test.LoginPageTest"/>
  <system-out/>
</testsuite> <!-- com.demowebshop.test.LoginPageTest -->
